[1/9] Performing build step for 'bootloader'
[1/1] cd /Users/celsoluiz81/Embedded/workstation/build/bootloader/esp-idf/esptool_py && /Users/celsoluiz81/.espressif/python_env/idf5.1_py3.9_env/bin/python /Users/celsoluiz81/Embedded/esp/esp-idf/components/partition_table/check_sizes.py --offset 0x8000 bootloader 0x1000 /Users/celsoluiz81/Embedded/workstation/build/bootloader/bootloader.bin
Bootloader binary size 0x66c0 bytes. 0x940 bytes (8%) free.
[2/7] Building C object esp-idf/u8g2/CMakeFiles/__idf_u8g2.dir/csrc/u8g2_esp32_hal.c.obj
FAILED: esp-idf/u8g2/CMakeFiles/__idf_u8g2.dir/csrc/u8g2_esp32_hal.c.obj 
/Users/celsoluiz81/.espressif/tools/xtensa-esp32-elf/esp-2022r1-11.2.0/xtensa-esp32-elf/bin/xtensa-esp32-elf-gcc -DESP_PLATFORM -DIDF_VER=\"v5.1-dev-1264-g1c84cfde14\" -D_GNU_SOURCE -D_POSIX_READER_WRITER_LOCKS -I/Users/celsoluiz81/Embedded/workstation/build/config -I/Users/celsoluiz81/Embedded/workstation/components/u8g2/csrc -I/Users/celsoluiz81/Embedded/esp/esp-idf/components/newlib/platform_include -I/Users/celsoluiz81/Embedded/esp/esp-idf/components/freertos/FreeRTOS-Kernel/include -I/Users/celsoluiz81/Embedded/esp/esp-idf/components/freertos/esp_additions/include/freertos -I/Users/celsoluiz81/Embedded/esp/esp-idf/components/freertos/FreeRTOS-Kernel/portable/xtensa/include -I/Users/celsoluiz81/Embedded/esp/esp-idf/components/freertos/esp_additions/include -I/Users/celsoluiz81/Embedded/esp/esp-idf/components/esp_hw_support/include -I/Users/celsoluiz81/Embedded/esp/esp-idf/components/esp_hw_support/include/soc -I/Users/celsoluiz81/Embedded/esp/esp-idf/components/esp_hw_support/include/soc/esp32 -I/Users/celsoluiz81/Embedded/esp/esp-idf/components/esp_hw_support/port/esp32/. -I/Users/celsoluiz81/Embedded/esp/esp-idf/components/esp_hw_support/port/esp32/private_include -I/Users/celsoluiz81/Embedded/esp/esp-idf/components/heap/include -I/Users/celsoluiz81/Embedded/esp/esp-idf/components/log/include -I/Users/celsoluiz81/Embedded/esp/esp-idf/components/soc/include -I/Users/celsoluiz81/Embedded/esp/esp-idf/components/soc/esp32/. -I/Users/celsoluiz81/Embedded/esp/esp-idf/components/soc/esp32/include -I/Users/celsoluiz81/Embedded/esp/esp-idf/components/hal/esp32/include -I/Users/celsoluiz81/Embedded/esp/esp-idf/components/hal/include -I/Users/celsoluiz81/Embedded/esp/esp-idf/components/hal/platform_port/include -I/Users/celsoluiz81/Embedded/esp/esp-idf/components/esp_rom/include -I/Users/celsoluiz81/Embedded/esp/esp-idf/components/esp_rom/include/esp32 -I/Users/celsoluiz81/Embedded/esp/esp-idf/components/esp_rom/esp32 -I/Users/celsoluiz81/Embedded/esp/esp-idf/components/esp_common/include -I/Users/celsoluiz81/Embedded/esp/esp-idf/components/esp_system/include -I/Users/celsoluiz81/Embedded/esp/esp-idf/components/esp_system/port/soc -I/Users/celsoluiz81/Embedded/esp/esp-idf/components/esp_system/port/include/private -I/Users/celsoluiz81/Embedded/esp/esp-idf/components/xtensa/include -I/Users/celsoluiz81/Embedded/esp/esp-idf/components/xtensa/esp32/include -I/Users/celsoluiz81/Embedded/esp/esp-idf/components/lwip/include -I/Users/celsoluiz81/Embedded/esp/esp-idf/components/lwip/include/apps -I/Users/celsoluiz81/Embedded/esp/esp-idf/components/lwip/include/apps/sntp -I/Users/celsoluiz81/Embedded/esp/esp-idf/components/lwip/lwip/src/include -I/Users/celsoluiz81/Embedded/esp/esp-idf/components/lwip/port/esp32/include -I/Users/celsoluiz81/Embedded/esp/esp-idf/components/lwip/port/esp32/include/arch -I/Users/celsoluiz81/Embedded/esp/esp-idf/components/driver/include -I/Users/celsoluiz81/Embedded/esp/esp-idf/components/driver/deprecated -I/Users/celsoluiz81/Embedded/esp/esp-idf/components/driver/esp32/include -I/Users/celsoluiz81/Embedded/esp/esp-idf/components/esp_pm/include -I/Users/celsoluiz81/Embedded/esp/esp-idf/components/esp_ringbuf/include -mlongcalls -Wno-frame-address  -fdiagnostics-color=always -ffunction-sections -fdata-sections -Wall -Werror=all -Wno-error=unused-function -Wno-error=unused-variable -Wno-error=deprecated-declarations -Wextra -Wno-unused-parameter -Wno-sign-compare -Wno-enum-conversion -gdwarf-4 -ggdb -Og -fmacro-prefix-map=/Users/celsoluiz81/Embedded/workstation=. -fmacro-prefix-map=/Users/celsoluiz81/Embedded/esp/esp-idf=/IDF -fstrict-volatile-bitfields -Wno-error=unused-but-set-variable -fno-jump-tables -fno-tree-switch-conversion -DconfigENABLE_FREERTOS_DEBUG_OCDAWARE=1 -std=gnu17 -Wno-old-style-declaration -MD -MT esp-idf/u8g2/CMakeFiles/__idf_u8g2.dir/csrc/u8g2_esp32_hal.c.obj -MF esp-idf/u8g2/CMakeFiles/__idf_u8g2.dir/csrc/u8g2_esp32_hal.c.obj.d -o esp-idf/u8g2/CMakeFiles/__idf_u8g2.dir/csrc/u8g2_esp32_hal.c.obj -c /Users/celsoluiz81/Embedded/workstation/components/u8g2/csrc/u8g2_esp32_hal.c
/Users/celsoluiz81/Embedded/workstation/components/u8g2/csrc/u8g2_esp32_hal.c: In function 'u8g2_esp32_spi_byte_cb':
/Users/celsoluiz81/Embedded/workstation/components/u8g2/csrc/u8g2_esp32_hal.c:59:54: error: 'LCD_HOST' undeclared (first use in this function)
   59 |                   ESP_ERROR_CHECK(spi_bus_initialize(LCD_HOST, &bus_config, 1));
      |                                                      ^~~~~~~~
/Users/celsoluiz81/Embedded/workstation/components/u8g2/csrc/u8g2_esp32_hal.c:20:51: note: in definition of macro 'ESP_ERROR_CHECK'
   20 | #define ESP_ERROR_CHECK(x)   do { esp_err_t rc = (x); if (rc != ESP_OK) { ESP_LOGE("err", "esp_err_t = %d", rc); assert(0 && #x);} } while(0);
      |                                                   ^
/Users/celsoluiz81/Embedded/workstation/components/u8g2/csrc/u8g2_esp32_hal.c:59:54: note: each undeclared identifier is reported only once for each function it appears in
   59 |                   ESP_ERROR_CHECK(spi_bus_initialize(LCD_HOST, &bus_config, 1));
      |                                                      ^~~~~~~~
/Users/celsoluiz81/Embedded/workstation/components/u8g2/csrc/u8g2_esp32_hal.c:20:51: note: in definition of macro 'ESP_ERROR_CHECK'
   20 | #define ESP_ERROR_CHECK(x)   do { esp_err_t rc = (x); if (rc != ESP_OK) { ESP_LOGE("err", "esp_err_t = %d", rc); assert(0 && #x);} } while(0);
      |                                                   ^
ninja: build stopped: subcommand failed.
